# JRE version: OpenJDK Runtime Environment (8.0_212-b03) (build 1.8.0_212-8u212-b03-0ubuntu1.18.04.1-b03)
# Java VM: OpenJDK 64-Bit Server VM (25.212-b03 mixed mode linux-amd64 compressed oops)
Heap:
 garbage-first heap   total 532480K, used 122046K [0x00000000c0000000, 0x00000000c0101040, 0x0000000100000000)
  region size 1024K, 30 young (30720K), 30 survivors (30720K)
 Metaspace       used 50451K, capacity 53452K, committed 53608K, reserved 1095680K
  class space    used 6059K, capacity 7007K, committed 7040K, reserved 1048576K
GC Heap History (10 events):
Event: 38.626 GC heap after
Heap after GC invocations=24 (full 0):
 garbage-first heap   total 120832K, used 60758K [0x00000000c0000000, 0x00000000c01003b0, 0x0000000100000000)
  region size 1024K, 6 young (6144K), 6 survivors (6144K)
 Metaspace       used 50423K, capacity 53388K, committed 53608K, reserved 1095680K
  class space    used 6058K, capacity 7007K, committed 7040K, reserved 1048576K
}
Event: 38.762 GC heap before
{Heap before GC invocations=24 (full 0):
 garbage-first heap   total 120832K, used 101718K [0x00000000c0000000, 0x00000000c01003b0, 0x0000000100000000)
  region size 1024K, 46 young (47104K), 6 survivors (6144K)
 Metaspace       used 50431K, capacity 53388K, committed 53608K, reserved 1095680K
  class space    used 6058K, capacity 7007K, committed 7040K, reserved 1048576K
Event: 38.787 GC heap after
Heap after GC invocations=25 (full 0):
 garbage-first heap   total 120832K, used 66886K [0x00000000c0000000, 0x00000000c01003b0, 0x0000000100000000)
  region size 1024K, 6 young (6144K), 6 survivors (6144K)
 Metaspace       used 50431K, capacity 53388K, committed 53608K, reserved 1095680K
  class space    used 6058K, capacity 7007K, committed 7040K, reserved 1048576K
}
Event: 38.931 GC heap before
{Heap before GC invocations=25 (full 0):
 garbage-first heap   total 120832K, used 101702K [0x00000000c0000000, 0x00000000c01003b0, 0x0000000100000000)
  region size 1024K, 40 young (40960K), 6 survivors (6144K)
 Metaspace       used 50431K, capacity 53388K, committed 53608K, reserved 1095680K
  class space    used 6058K, capacity 7007K, committed 7040K, reserved 1048576K
Event: 38.954 GC heap after
Heap after GC invocations=26 (full 0):
 garbage-first heap   total 120832K, used 72032K [0x00000000c0000000, 0x00000000c01003b0, 0x0000000100000000)
  region size 1024K, 5 young (5120K), 5 survivors (5120K)
 Metaspace       used 50431K, capacity 53388K, committed 53608K, reserved 1095680K
  class space    used 6058K, capacity 7007K, committed 7040K, reserved 1048576K
}
Event: 39.134 GC heap before
{Heap before GC invocations=27 (full 0):
 garbage-first heap   total 120832K, used 104480K [0x00000000c0000000, 0x00000000c01003b0, 0x0000000100000000)
  region size 1024K, 35 young (35840K), 5 survivors (5120K)
 Metaspace       used 50433K, capacity 53388K, committed 53608K, reserved 1095680K
  class space    used 6058K, capacity 7007K, committed 7040K, reserved 1048576K
Event: 39.190 GC heap after
Heap after GC invocations=28 (full 0):
 garbage-first heap   total 241664K, used 79392K [0x00000000c0000000, 0x00000000c0100760, 0x0000000100000000)
  region size 1024K, 5 young (5120K), 5 survivors (5120K)
 Metaspace       used 50433K, capacity 53388K, committed 53608K, reserved 1095680K
  class space    used 6058K, capacity 7007K, committed 7040K, reserved 1048576K
}
Event: 39.708 GC heap before
{Heap before GC invocations=28 (full 0):
 garbage-first heap   total 241664K, used 201248K [0x00000000c0000000, 0x00000000c0100760, 0x0000000100000000)
  region size 1024K, 124 young (126976K), 5 survivors (5120K)
 Metaspace       used 50437K, capacity 53388K, committed 53608K, reserved 1095680K
  class space    used 6058K, capacity 7007K, committed 7040K, reserved 1048576K
Event: 39.751 GC heap after
Heap after GC invocations=29 (full 0):
 garbage-first heap   total 403456K, used 92192K [0x00000000c0000000, 0x00000000c0100c50, 0x0000000100000000)
  region size 1024K, 16 young (16384K), 16 survivors (16384K)
 Metaspace       used 50437K, capacity 53388K, committed 53608K, reserved 1095680K
  class space    used 6058K, capacity 7007K, committed 7040K, reserved 1048576K
}
Event: 80.687 GC heap before
{Heap before GC invocations=29 (full 0):
 garbage-first heap   total 403456K, used 318880K [0x00000000c0000000, 0x00000000c0100c50, 0x0000000100000000)
  region size 1024K, 234 young (239616K), 16 survivors (16384K)
 Metaspace       used 50451K, capacity 53452K, committed 53608K, reserved 1095680K
  class space    used 6059K, capacity 7007K, committed 7040K, reserved 1048576K

